<component name="libraryTable">
  <library name="junit-platform-console-standalone-1.10.0-RC21">
    <CLASSES>
      <root url="jar://$PROJECT_DIR$/lib/junit-platform-console-standalone-1.10.0-RC2.jar!/" />
    </CLASSES>
    <JAVADOC />
    <SOURCES />
  </library>
</component>